c:\users\dkravche\source\repos\targil4\targil4\debug\vc141.pdb
c:\users\dkravche\source\repos\targil4\targil4\debug\vc141.idb
c:\users\dkravche\source\repos\targil4\targil4\debug\socketsendrecvtools.obj
c:\users\dkravche\source\repos\targil4\targil4\debug\server_sender.obj
c:\users\dkravche\source\repos\targil4\targil4\debug\server_rcv.obj
c:\users\dkravche\source\repos\targil4\targil4\debug\main.obj
c:\users\dkravche\source\repos\targil4\targil4\debug\fifoutil.obj
c:\users\dkravche\source\repos\targil4\targil4\debug\client_send.obj
c:\users\dkravche\source\repos\targil4\targil4\debug\client_rcv.obj
c:\users\dkravche\source\repos\targil4\targil4\debug\client_io.obj
c:\users\dkravche\source\repos\targil4\targil4\debug\client.obj
c:\users\dkravche\source\repos\targil4\debug\targil4.ilk
c:\users\dkravche\source\repos\targil4\debug\targil4.exe
c:\users\dkravche\source\repos\targil4\debug\targil4.pdb
c:\users\dkravche\source\repos\targil4\targil4\debug\targil4.tlog\cl.command.1.tlog
c:\users\dkravche\source\repos\targil4\targil4\debug\targil4.tlog\cl.read.1.tlog
c:\users\dkravche\source\repos\targil4\targil4\debug\targil4.tlog\cl.write.1.tlog
c:\users\dkravche\source\repos\targil4\targil4\debug\targil4.tlog\link.command.1.tlog
c:\users\dkravche\source\repos\targil4\targil4\debug\targil4.tlog\link.read.1.tlog
c:\users\dkravche\source\repos\targil4\targil4\debug\targil4.tlog\link.write.1.tlog
