c:\users\dkravche\source\repos\ex4\ex4\x64\debug\vc141.pdb
c:\users\dkravche\source\repos\ex4\ex4\x64\debug\vc141.idb
c:\users\dkravche\source\repos\ex4\ex4\x64\debug\socketsendrecvtools.obj
c:\users\dkravche\source\repos\ex4\ex4\x64\debug\server_sender.obj
c:\users\dkravche\source\repos\ex4\ex4\x64\debug\server_rcv.obj
c:\users\dkravche\source\repos\ex4\ex4\x64\debug\main.obj
c:\users\dkravche\source\repos\ex4\ex4\x64\debug\fifoutil.obj
c:\users\dkravche\source\repos\ex4\ex4\x64\debug\client_send.obj
c:\users\dkravche\source\repos\ex4\ex4\x64\debug\client_rcv.obj
c:\users\dkravche\source\repos\ex4\ex4\x64\debug\client_io.obj
c:\users\dkravche\source\repos\ex4\ex4\x64\debug\client.obj
c:\users\dkravche\source\repos\ex4\x64\debug\ex4.ilk
c:\users\dkravche\source\repos\ex4\x64\debug\ex4.exe
c:\users\dkravche\source\repos\ex4\x64\debug\ex4.pdb
c:\users\dkravche\source\repos\ex4\ex4\x64\debug\ex4.tlog\cl.command.1.tlog
c:\users\dkravche\source\repos\ex4\ex4\x64\debug\ex4.tlog\cl.read.1.tlog
c:\users\dkravche\source\repos\ex4\ex4\x64\debug\ex4.tlog\cl.write.1.tlog
c:\users\dkravche\source\repos\ex4\ex4\x64\debug\ex4.tlog\link.command.1.tlog
c:\users\dkravche\source\repos\ex4\ex4\x64\debug\ex4.tlog\link.read.1.tlog
c:\users\dkravche\source\repos\ex4\ex4\x64\debug\ex4.tlog\link.write.1.tlog
